<?xml version="1.0" encoding="UTF-8"?>
<!-- Generated by org.testng.reporters.JUnitReportReporter -->
<testsuite hostname="DESKTOP-05KTQHD" failures="0" tests="1" name="DriverFactory.DriverScript" time="10.858" errors="0" timestamp="2024-10-23T13:54:05 IST" skipped="0">
  <testcase classname="DriverFactory.DriverScript" name="kickStart" time="10.858"/>
</testsuite> <!-- DriverFactory.DriverScript -->
