<?xml version="1.0" encoding="UTF-8"?>
<!-- Generated by org.testng.reporters.JUnitReportReporter -->
<testsuite hostname="DESKTOP-05KTQHD" failures="0" tests="1" name="DriverFactory.AppTest" time="48.295" errors="0" timestamp="2024-10-24T12:57:58 IST" skipped="0">
  <testcase classname="DriverFactory.AppTest" name="startTest" time="48.295">
    <system-out>
      <![CDATA[Vaild Page
Vaild Page
Vaild Page
Vaild Page
Vaild Page]]>
    </system-out>
  </testcase> <!-- startTest -->
  <system-out>
    <![CDATA[Vaild Page
Vaild Page
Vaild Page
Vaild Page
Vaild Page]]>
  </system-out>
</testsuite> <!-- DriverFactory.AppTest -->
